"../../../Engine/Content/EditorResources/S_Actor.ubulk" 0
"../../../Engine/Content/EditorResources/S_Actor.uasset" 1
"../../../Engine/Content/EditorResources/S_Actor.uexp" 2
"../../../Engine/Content/EditorResources/S_BoxReflectionCapture.uasset" 3
"../../../Engine/Content/EditorResources/S_BoxReflectionCapture.uexp" 4
"../../../Engine/Content/EngineResources/DefaultTexture.ubulk" 5
"../../../Engine/Content/EngineResources/DefaultTexture.uasset" 6
"../../../Engine/Content/EngineResources/DefaultTexture.uexp" 7
"../../../Engine/Content/EngineResources/DefaultTextureCube.uasset" 8
"../../../Engine/Content/EngineResources/DefaultTextureCube.uexp" 9
"../../../Engine/Content/EngineResources/DefaultVolumeTexture2D.uasset" 10
"../../../Engine/Content/EngineResources/DefaultVolumeTexture2D.uexp" 11
"../../../Engine/Content/EngineResources/DefaultVolumeTexture.uasset" 12
"../../../Engine/Content/EngineResources/DefaultVolumeTexture.uexp" 13
"../../../Engine/Content/EditorResources/S_Trigger.ubulk" 14
"../../../Engine/Content/EditorResources/S_Trigger.uasset" 15
"../../../Engine/Content/EditorResources/S_Trigger.uexp" 16
"../../../Engine/Content/EditorResources/S_TriggerBox.uasset" 17
"../../../Engine/Content/EditorResources/S_TriggerBox.uexp" 18
"../../../Engine/Content/EditorResources/S_TriggerCapsule.uasset" 19
"../../../Engine/Content/EditorResources/S_TriggerCapsule.uexp" 20
"../../../Engine/Content/EditorResources/S_TriggerSphere.uasset" 21
"../../../Engine/Content/EditorResources/S_TriggerSphere.uexp" 22
"../../../Engine/Content/EngineMeshes/Sphere.ubulk" 23
"../../../Engine/Content/EngineMeshes/Sphere.uasset" 24
"../../../Engine/Content/EngineMeshes/Sphere.uexp" 25
"../../../Engine/Content/EngineResources/GradientTexture0.uasset" 26
"../../../Engine/Content/EngineResources/GradientTexture0.uexp" 27
"../../../Engine/Content/EngineResources/Black.uasset" 28
"../../../Engine/Content/EngineResources/Black.uexp" 29
"../../../Engine/Content/VREditor/LaserPointer/VR_LaserPower_01.ubulk" 30
"../../../Engine/Content/VREditor/LaserPointer/VR_LaserPower_01.uasset" 31
"../../../Engine/Content/VREditor/LaserPointer/VR_LaserPower_01.uexp" 32
"../../../Engine/Content/VREditor/TransformGizmo/TransformGizmoMaterial.uasset" 33
"../../../Engine/Content/VREditor/TransformGizmo/TransformGizmoMaterial.uexp" 34
"../../../Engine/Content/VREditor/TransformGizmo/TranslucentTransformGizmoMaterial.uasset" 35
"../../../Engine/Content/VREditor/TransformGizmo/TranslucentTransformGizmoMaterial.uexp" 36
"../../../Engine/Content/VREditor/TransformGizmo/PlaneTranslationHandle.ubulk" 37
"../../../Engine/Content/VREditor/TransformGizmo/PlaneTranslationHandle.uasset" 38
"../../../Engine/Content/VREditor/TransformGizmo/PlaneTranslationHandle.uexp" 39
"../../../Engine/Content/VREditor/TransformGizmo/BoundingBoxCorner.ubulk" 40
"../../../Engine/Content/VREditor/TransformGizmo/BoundingBoxCorner.uasset" 41
"../../../Engine/Content/VREditor/TransformGizmo/BoundingBoxCorner.uexp" 42
"../../../Engine/Content/VREditor/TransformGizmo/BoundingBoxEdge.ubulk" 43
"../../../Engine/Content/VREditor/TransformGizmo/BoundingBoxEdge.uasset" 44
"../../../Engine/Content/VREditor/TransformGizmo/BoundingBoxEdge.uexp" 45
"../../../Engine/Content/VREditor/TransformGizmo/Main.uasset" 46
"../../../Engine/Content/VREditor/TransformGizmo/Main.uexp" 47
"../../../Engine/Content/VREditor/TransformGizmo/Xray.uasset" 48
"../../../Engine/Content/VREditor/TransformGizmo/Xray.uexp" 49
"../../../Engine/Content/VREditor/TransformGizmo/SM_Sequencer_Node.ubulk" 50
"../../../Engine/Content/VREditor/TransformGizmo/SM_Sequencer_Node.uasset" 51
"../../../Engine/Content/VREditor/TransformGizmo/SM_Sequencer_Node.uexp" 52
"../../../Engine/Content/EditorMaterials/Camera/CineMat.uasset" 53
"../../../Engine/Content/EditorMaterials/Camera/CineMat.uexp" 54
"../../../Engine/Content/EditorMaterials/Camera/MI_CineMat_Rig.uasset" 55
"../../../Engine/Content/EditorMaterials/Camera/MI_CineMat_Rig.uexp" 56
"../../../Engine/Content/EditorMeshes/Camera/SM_CraneRig_Base.ubulk" 57
"../../../Engine/Content/EditorMeshes/Camera/SM_CraneRig_Base.uasset" 58
"../../../Engine/Content/EditorMeshes/Camera/SM_CraneRig_Base.uexp" 59
"../../../Engine/Content/EditorMeshes/Camera/SM_CraneRig_Arm.ubulk" 60
"../../../Engine/Content/EditorMeshes/Camera/SM_CraneRig_Arm.uasset" 61
"../../../Engine/Content/EditorMeshes/Camera/SM_CraneRig_Arm.uexp" 62
"../../../Engine/Content/EditorMeshes/Camera/SM_CraneRig_Mount.ubulk" 63
"../../../Engine/Content/EditorMeshes/Camera/SM_CraneRig_Mount.uasset" 64
"../../../Engine/Content/EditorMeshes/Camera/SM_CraneRig_Mount.uexp" 65
"../../../Engine/Content/EditorMeshes/Camera/SM_CraneRig_Body.ubulk" 66
"../../../Engine/Content/EditorMeshes/Camera/SM_CraneRig_Body.uasset" 67
"../../../Engine/Content/EditorMeshes/Camera/SM_CraneRig_Body.uexp" 68
"../../../Engine/Content/EditorMeshes/Camera/SM_RailRig_Track.ubulk" 69
"../../../Engine/Content/EditorMeshes/Camera/SM_RailRig_Track.uasset" 70
"../../../Engine/Content/EditorMeshes/Camera/SM_RailRig_Track.uexp" 71
"../../../Engine/Content/EditorMeshes/Camera/SM_RailRig_Mount.ubulk" 72
"../../../Engine/Content/EditorMeshes/Camera/SM_RailRig_Mount.uasset" 73
"../../../Engine/Content/EditorMeshes/Camera/SM_RailRig_Mount.uexp" 74
"../../../Engine/Content/EngineMaterials/T_Default_Material_Grid_M.ubulk" 75
"../../../Engine/Content/EngineMaterials/T_Default_Material_Grid_M.uasset" 76
"../../../Engine/Content/EngineMaterials/T_Default_Material_Grid_M.uexp" 77
"../../../Engine/Content/EngineMaterials/T_Default_Material_Grid_N.ubulk" 78
"../../../Engine/Content/EngineMaterials/T_Default_Material_Grid_N.uasset" 79
"../../../Engine/Content/EngineMaterials/T_Default_Material_Grid_N.uexp" 80
"../../../Engine/Content/Functions/Engine_MaterialFunctions01/Opacity/CameraDepthFade.uasset" 81
"../../../Engine/Content/Functions/Engine_MaterialFunctions01/Opacity/CameraDepthFade.uexp" 82
"../../../Engine/Content/EngineMaterials/WorldGridMaterial.uasset" 83
"../../../Engine/Content/EngineMaterials/WorldGridMaterial.uexp" 84
"../../../Engine/Content/ArtTools/RenderToTexture/Meshes/S_1_Unit_Plane.ubulk" 85
"../../../Engine/Content/ArtTools/RenderToTexture/Meshes/S_1_Unit_Plane.uasset" 86
"../../../Engine/Content/ArtTools/RenderToTexture/Meshes/S_1_Unit_Plane.uexp" 87
"../../../Engine/Content/EditorMaterials/ParticleSystems/PSysThumbnail_NoImage.ubulk" 88
"../../../Engine/Content/EditorMaterials/ParticleSystems/PSysThumbnail_NoImage.uasset" 89
"../../../Engine/Content/EditorMaterials/ParticleSystems/PSysThumbnail_NoImage.uexp" 90
"../../../Engine/Content/EditorMaterials/ParticleSystems/PSysThumbnail_OOD.ubulk" 91
"../../../Engine/Content/EditorMaterials/ParticleSystems/PSysThumbnail_OOD.uasset" 92
"../../../Engine/Content/EditorMaterials/ParticleSystems/PSysThumbnail_OOD.uexp" 93
"../../../Engine/Content/EditorLandscapeResources/SplineEditorMeshMat.uasset" 94
"../../../Engine/Content/EditorLandscapeResources/SplineEditorMeshMat.uexp" 95
"../../../Engine/Content/EditorLandscapeResources/SplineEditorMesh.ubulk" 96
"../../../Engine/Content/EditorLandscapeResources/SplineEditorMesh.uasset" 97
"../../../Engine/Content/EditorLandscapeResources/SplineEditorMesh.uexp" 98
"../../../Engine/Content/EditorMeshes/EditorSphere.ubulk" 99
"../../../Engine/Content/EditorMeshes/EditorSphere.uasset" 100
"../../../Engine/Content/EditorMeshes/EditorSphere.uexp" 101
"../../../Engine/Content/EditorResources/S_Solver.ubulk" 102
"../../../Engine/Content/EditorResources/S_Solver.uasset" 103
"../../../Engine/Content/EditorResources/S_Solver.uexp" 104
"../../../Engine/Plugins/Media/MediaPlate/Content/SM_MediaPlateScreen.ubulk" 105
"../../../Engine/Plugins/Media/MediaPlate/Content/SM_MediaPlateScreen.uasset" 106
"../../../Engine/Plugins/Media/MediaPlate/Content/SM_MediaPlateScreen.uexp" 107
"../../../Engine/Content/EngineMaterials/Good64x64TilingNoiseHighFreq.uasset" 108
"../../../Engine/Content/EngineMaterials/Good64x64TilingNoiseHighFreq.uexp" 109
"../../../Engine/Content/EngineMaterials/DefaultBokeh.uasset" 110
"../../../Engine/Content/EngineMaterials/DefaultBokeh.uexp" 111
"../../../Engine/Content/EngineMaterials/PreintegratedSkinBRDF.uasset" 112
"../../../Engine/Content/EngineMaterials/PreintegratedSkinBRDF.uexp" 113
"../../../Engine/Content/EngineMaterials/MiniFont.uasset" 114
"../../../Engine/Content/EngineMaterials/MiniFont.uexp" 115
"../../../Engine/Content/EngineMaterials/WeightMapPlaceholderTexture.uasset" 116
"../../../Engine/Content/EngineMaterials/WeightMapPlaceholderTexture.uexp" 117
"../../../Engine/Content/EngineMaterials/DefaultWhiteGrid.ubulk" 118
"../../../Engine/Content/EngineMaterials/DefaultWhiteGrid.uasset" 119
"../../../Engine/Content/EngineMaterials/DefaultWhiteGrid.uexp" 120
"D:/Arena Shooter/MultParkourFPS/Content/FirstPerson/Input/Actions/IA_Shoot.uasset" 121
"D:/Arena Shooter/MultParkourFPS/Content/FirstPerson/Input/Actions/IA_Shoot.uexp" 122
"D:/Arena Shooter/MultParkourFPS/Content/FirstPerson/Input/IMC_Weapons.uasset" 123
"D:/Arena Shooter/MultParkourFPS/Content/FirstPerson/Input/IMC_Weapons.uexp" 124
"D:/Arena Shooter/MultParkourFPS/Content/FPWeapon/Mesh/SK_FPGun_Skeleton.uasset" 125
"D:/Arena Shooter/MultParkourFPS/Content/FPWeapon/Mesh/SK_FPGun_Skeleton.uexp" 126
"D:/Arena Shooter/MultParkourFPS/Content/FPWeapon/Materials/MaterialLayers/T_ML_Rubber_Blue_01_D.ubulk" 127
"D:/Arena Shooter/MultParkourFPS/Content/FPWeapon/Materials/MaterialLayers/T_ML_Rubber_Blue_01_D.uasset" 128
"D:/Arena Shooter/MultParkourFPS/Content/FPWeapon/Materials/MaterialLayers/T_ML_Rubber_Blue_01_D.uexp" 129
"D:/Arena Shooter/MultParkourFPS/Content/FPWeapon/Textures/T_FPGun_N.ubulk" 130
"D:/Arena Shooter/MultParkourFPS/Content/FPWeapon/Textures/T_FPGun_N.uasset" 131
"D:/Arena Shooter/MultParkourFPS/Content/FPWeapon/Textures/T_FPGun_N.uexp" 132
"../../../Engine/Content/Functions/Engine_MaterialFunctions02/Utility/BlendAngleCorrectedNormals.uasset" 133
"../../../Engine/Content/Functions/Engine_MaterialFunctions02/Utility/BlendAngleCorrectedNormals.uexp" 134
"../../../Engine/Content/Functions/MaterialLayerFunctions/MatLayerBlend_NormalBlend.uasset" 135
"../../../Engine/Content/Functions/MaterialLayerFunctions/MatLayerBlend_NormalBlend.uexp" 136
"D:/Arena Shooter/MultParkourFPS/Content/FPWeapon/Materials/MaterialLayers/T_ML_Rubber_Blue_01_N.ubulk" 137
"D:/Arena Shooter/MultParkourFPS/Content/FPWeapon/Materials/MaterialLayers/T_ML_Rubber_Blue_01_N.uasset" 138
"D:/Arena Shooter/MultParkourFPS/Content/FPWeapon/Materials/MaterialLayers/T_ML_Rubber_Blue_01_N.uexp" 139
"D:/Arena Shooter/MultParkourFPS/Content/FPWeapon/Materials/MaterialLayers/ML_Screen.uasset" 140
"D:/Arena Shooter/MultParkourFPS/Content/FPWeapon/Materials/MaterialLayers/ML_Screen.uexp" 141
"D:/Arena Shooter/MultParkourFPS/Content/FPWeapon/Materials/MaterialLayers/T_ML_Aluminum01_N.ubulk" 142
"D:/Arena Shooter/MultParkourFPS/Content/FPWeapon/Materials/MaterialLayers/T_ML_Aluminum01_N.uasset" 143
"D:/Arena Shooter/MultParkourFPS/Content/FPWeapon/Materials/MaterialLayers/T_ML_Aluminum01_N.uexp" 144
"D:/Arena Shooter/MultParkourFPS/Content/FPWeapon/Materials/MaterialLayers/T_ML_Aluminum01.ubulk" 145
"D:/Arena Shooter/MultParkourFPS/Content/FPWeapon/Materials/MaterialLayers/T_ML_Aluminum01.uasset" 146
"D:/Arena Shooter/MultParkourFPS/Content/FPWeapon/Materials/MaterialLayers/T_ML_Aluminum01.uexp" 147
"D:/Arena Shooter/MultParkourFPS/Content/FPWeapon/Materials/MaterialLayers/ML_SoftMetal_UE4.uasset" 148
"D:/Arena Shooter/MultParkourFPS/Content/FPWeapon/Materials/MaterialLayers/ML_SoftMetal_UE4.uexp" 149
"../../../Engine/Content/Functions/MaterialLayerFunctions/MatLayerBlend_Simple.uasset" 150
"../../../Engine/Content/Functions/MaterialLayerFunctions/MatLayerBlend_Simple.uexp" 151
"D:/Arena Shooter/MultParkourFPS/Content/FPWeapon/Textures/T_FPGun_M.ubulk" 152
"D:/Arena Shooter/MultParkourFPS/Content/FPWeapon/Textures/T_FPGun_M.uasset" 153
"D:/Arena Shooter/MultParkourFPS/Content/FPWeapon/Textures/T_FPGun_M.uexp" 154
"D:/Arena Shooter/MultParkourFPS/Content/FPWeapon/Materials/MaterialLayers/ML_Plastic_Shiny_Beige.uasset" 155
"D:/Arena Shooter/MultParkourFPS/Content/FPWeapon/Materials/MaterialLayers/ML_Plastic_Shiny_Beige.uexp" 156
"D:/Arena Shooter/MultParkourFPS/Content/FPWeapon/Materials/MaterialLayers/ML_GlossyBlack_Latex_UE4.uasset" 157
"D:/Arena Shooter/MultParkourFPS/Content/FPWeapon/Materials/MaterialLayers/ML_GlossyBlack_Latex_UE4.uexp" 158
"D:/Arena Shooter/MultParkourFPS/Content/FPWeapon/Materials/M_FPGun.uasset" 159
"D:/Arena Shooter/MultParkourFPS/Content/FPWeapon/Materials/M_FPGun.uexp" 160
"D:/Arena Shooter/MultParkourFPS/Content/FPWeapon/Mesh/SK_FPGun_Physics.uasset" 161
"D:/Arena Shooter/MultParkourFPS/Content/FPWeapon/Mesh/SK_FPGun_Physics.uexp" 162
"D:/Arena Shooter/MultParkourFPS/Content/FPWeapon/Mesh/SK_FPGun.uasset" 163
"D:/Arena Shooter/MultParkourFPS/Content/FPWeapon/Mesh/SK_FPGun.uexp" 164
"D:/Arena Shooter/MultParkourFPS/Content/FPWeapon/Audio/FirstPersonTemplateWeaponFire02.ubulk" 165
"D:/Arena Shooter/MultParkourFPS/Content/FPWeapon/Audio/FirstPersonTemplateWeaponFire02.uasset" 166
"D:/Arena Shooter/MultParkourFPS/Content/FPWeapon/Audio/FirstPersonTemplateWeaponFire02.uexp" 167
"D:/Arena Shooter/MultParkourFPS/Content/FPWeapon/Materials/BaseMaterial.uasset" 168
"D:/Arena Shooter/MultParkourFPS/Content/FPWeapon/Materials/BaseMaterial.uexp" 169
"D:/Arena Shooter/MultParkourFPS/Content/FPWeapon/Materials/FirstPersonProjectileMaterial.uasset" 170
"D:/Arena Shooter/MultParkourFPS/Content/FPWeapon/Materials/FirstPersonProjectileMaterial.uexp" 171
"D:/Arena Shooter/MultParkourFPS/Content/FPWeapon/Mesh/FirstPersonProjectileMesh.ubulk" 172
"D:/Arena Shooter/MultParkourFPS/Content/FPWeapon/Mesh/FirstPersonProjectileMesh.uasset" 173
"D:/Arena Shooter/MultParkourFPS/Content/FPWeapon/Mesh/FirstPersonProjectileMesh.uexp" 174
"D:/Arena Shooter/MultParkourFPS/Content/FirstPerson/Blueprints/BP_FirstPersonProjectile.uasset" 175
"D:/Arena Shooter/MultParkourFPS/Content/FirstPerson/Blueprints/BP_FirstPersonProjectile.uexp" 176
"../../../Engine/Content/Animation/DefaultAnimCurveCompressionSettings.uasset" 177
"../../../Engine/Content/Animation/DefaultAnimCurveCompressionSettings.uexp" 178
"../../../Engine/Content/Animation/DefaultAnimBoneCompressionSettings.uasset" 179
"../../../Engine/Content/Animation/DefaultAnimBoneCompressionSettings.uexp" 180
"D:/Arena Shooter/MultParkourFPS/Content/FirstPersonArms/Character/Mesh/SK_Mannequin_Arms_Skeleton.uasset" 181
"D:/Arena Shooter/MultParkourFPS/Content/FirstPersonArms/Character/Mesh/SK_Mannequin_Arms_Skeleton.uexp" 182
"D:/Arena Shooter/MultParkourFPS/Content/FirstPersonArms/Animations/FP_Rifle_Fire.uasset" 183
"D:/Arena Shooter/MultParkourFPS/Content/FirstPersonArms/Animations/FP_Rifle_Fire.uexp" 184
"D:/Arena Shooter/MultParkourFPS/Content/FirstPersonArms/Animations/FP_Rifle_Shoot_Montage.uasset" 185
"D:/Arena Shooter/MultParkourFPS/Content/FirstPersonArms/Animations/FP_Rifle_Shoot_Montage.uexp" 186
"D:/Arena Shooter/MultParkourFPS/Content/FirstPerson/Blueprints/BP_PickUp_Rifle.uasset" 187
"D:/Arena Shooter/MultParkourFPS/Content/FirstPerson/Blueprints/BP_PickUp_Rifle.uexp" 188
"../../../Engine/Plugins/Interchange/Runtime/Content/Pipelines/DefaultSceneAssetsPipeline.uasset" 189
"../../../Engine/Plugins/Interchange/Runtime/Content/Pipelines/DefaultSceneAssetsPipeline.uexp" 190
"../../../Engine/Plugins/Interchange/Runtime/Content/Pipelines/DefaultMaterialPipeline.uasset" 191
"../../../Engine/Plugins/Interchange/Runtime/Content/Pipelines/DefaultMaterialPipeline.uexp" 192
"../../../Engine/Plugins/Interchange/Runtime/Content/Materials/MapOrLinearColorFunction.uasset" 193
"../../../Engine/Plugins/Interchange/Runtime/Content/Materials/MapOrLinearColorFunction.uexp" 194
"../../../Engine/Content/EngineMaterials/DefaultNormal.ubulk" 195
"../../../Engine/Content/EngineMaterials/DefaultNormal.uasset" 196
"../../../Engine/Content/EngineMaterials/DefaultNormal.uexp" 197
"../../../Engine/Plugins/Interchange/Runtime/Content/Materials/MapOrScalarFunction.uasset" 198
"../../../Engine/Plugins/Interchange/Runtime/Content/Materials/MapOrScalarFunction.uexp" 199
"../../../Engine/Plugins/Interchange/Runtime/Content/Materials/MapOrColorFunction.uasset" 200
"../../../Engine/Plugins/Interchange/Runtime/Content/Materials/MapOrColorFunction.uexp" 201
"../../../Engine/Content/EngineMaterials/BaseFlattenLinearColor.uasset" 202
"../../../Engine/Content/EngineMaterials/BaseFlattenLinearColor.uexp" 203
"../../../Engine/Plugins/Interchange/Runtime/Content/Materials/CommonMaterial.uasset" 204
"../../../Engine/Plugins/Interchange/Runtime/Content/Materials/CommonMaterial.uexp" 205
"../../../Engine/Plugins/Interchange/Runtime/Content/Materials/PBRSurfaceFunction.uasset" 206
"../../../Engine/Plugins/Interchange/Runtime/Content/Materials/PBRSurfaceFunction.uexp" 207
"../../../Engine/Plugins/Interchange/Runtime/Content/Materials/ClearCoatMaterial.uasset" 208
"../../../Engine/Plugins/Interchange/Runtime/Content/Materials/ClearCoatMaterial.uexp" 209
"../../../Engine/Plugins/Interchange/Runtime/Content/Pipelines/DefaultTexturePipeline.uasset" 210
"../../../Engine/Plugins/Interchange/Runtime/Content/Pipelines/DefaultTexturePipeline.uexp" 211
"../../../Engine/Plugins/Interchange/Runtime/Content/Materials/LambertSurfaceMaterial.uasset" 212
"../../../Engine/Plugins/Interchange/Runtime/Content/Materials/LambertSurfaceMaterial.uexp" 213
"../../../Engine/Plugins/Interchange/Runtime/Content/Pipelines/DefaultSceneLevelPipeline.uasset" 214
"../../../Engine/Plugins/Interchange/Runtime/Content/Pipelines/DefaultSceneLevelPipeline.uexp" 215
"D:/Arena Shooter/MultParkourFPS/Content/LevelPrototyping/Textures/T_GridChecker_A.ubulk" 216
"D:/Arena Shooter/MultParkourFPS/Content/LevelPrototyping/Textures/T_GridChecker_A.uasset" 217
"D:/Arena Shooter/MultParkourFPS/Content/LevelPrototyping/Textures/T_GridChecker_A.uexp" 218
"../../../Engine/Content/Functions/Engine_MaterialFunctions02/Utility/MakeFloat3.uasset" 219
"../../../Engine/Content/Functions/Engine_MaterialFunctions02/Utility/MakeFloat3.uexp" 220
"../../../Engine/Content/Functions/Engine_MaterialFunctions01/Gradient/LinearGradient.uasset" 221
"../../../Engine/Content/Functions/Engine_MaterialFunctions01/Gradient/LinearGradient.uexp" 222
"../../../Engine/Content/Functions/Engine_MaterialFunctions01/ImageAdjustment/CheapContrast.uasset" 223
"../../../Engine/Content/Functions/Engine_MaterialFunctions01/ImageAdjustment/CheapContrast.uexp" 224
"../../../Engine/Content/Functions/Engine_MaterialFunctions02/Utility/BreakOutFloat3Components.uasset" 225
"../../../Engine/Content/Functions/Engine_MaterialFunctions02/Utility/BreakOutFloat3Components.uexp" 226
"D:/Arena Shooter/MultParkourFPS/Content/LevelPrototyping/Materials/MF_ProcGrid.uasset" 227
"D:/Arena Shooter/MultParkourFPS/Content/LevelPrototyping/Materials/MF_ProcGrid.uexp" 228
"D:/Arena Shooter/MultParkourFPS/Content/LevelPrototyping/Materials/M_PrototypeGrid.uasset" 229
"D:/Arena Shooter/MultParkourFPS/Content/LevelPrototyping/Materials/M_PrototypeGrid.uexp" 230
"D:/Arena Shooter/MultParkourFPS/Content/LevelPrototyping/Materials/MI_PrototypeGrid_TopDark.uasset" 231
"D:/Arena Shooter/MultParkourFPS/Content/LevelPrototyping/Materials/MI_PrototypeGrid_TopDark.uexp" 232
"D:/Arena Shooter/MultParkourFPS/Content/LevelPrototyping/Materials/MI_PrototypeGrid_Gray.uasset" 233
"D:/Arena Shooter/MultParkourFPS/Content/LevelPrototyping/Materials/MI_PrototypeGrid_Gray.uexp" 234
"D:/Arena Shooter/MultParkourFPS/Content/LevelPrototyping/Meshes/SM_Ramp.ubulk" 235
"D:/Arena Shooter/MultParkourFPS/Content/LevelPrototyping/Meshes/SM_Ramp.uasset" 236
"D:/Arena Shooter/MultParkourFPS/Content/LevelPrototyping/Meshes/SM_Ramp.uexp" 237
"D:/Arena Shooter/MultParkourFPS/Content/LevelPrototyping/Meshes/SM_QuarterCylinder.ubulk" 238
"D:/Arena Shooter/MultParkourFPS/Content/LevelPrototyping/Meshes/SM_QuarterCylinder.uasset" 239
"D:/Arena Shooter/MultParkourFPS/Content/LevelPrototyping/Meshes/SM_QuarterCylinder.uexp" 240
"D:/Arena Shooter/MultParkourFPS/Content/LevelPrototyping/Meshes/SM_Cube.ubulk" 241
"D:/Arena Shooter/MultParkourFPS/Content/LevelPrototyping/Meshes/SM_Cube.uasset" 242
"D:/Arena Shooter/MultParkourFPS/Content/LevelPrototyping/Meshes/SM_Cube.uexp" 243
"D:/Arena Shooter/MultParkourFPS/Content/LevelPrototyping/Materials/M_Solid.uasset" 244
"D:/Arena Shooter/MultParkourFPS/Content/LevelPrototyping/Materials/M_Solid.uexp" 245
"D:/Arena Shooter/MultParkourFPS/Content/LevelPrototyping/Materials/MI_Solid_Blue.uasset" 246
"D:/Arena Shooter/MultParkourFPS/Content/LevelPrototyping/Materials/MI_Solid_Blue.uexp" 247
"D:/Arena Shooter/MultParkourFPS/Content/LevelPrototyping/Meshes/SM_ChamferCube.ubulk" 248
"D:/Arena Shooter/MultParkourFPS/Content/LevelPrototyping/Meshes/SM_ChamferCube.uasset" 249
"D:/Arena Shooter/MultParkourFPS/Content/LevelPrototyping/Meshes/SM_ChamferCube.uexp" 250
"../../../Engine/Content/EngineMaterials/DefaultMaterial.uasset" 251
"../../../Engine/Content/EngineMaterials/DefaultMaterial.uexp" 252
"../../../Engine/Content/BasicShapes/Sphere.ubulk" 253
"../../../Engine/Content/BasicShapes/Sphere.uasset" 254
"../../../Engine/Content/BasicShapes/Sphere.uexp" 255
"../../../Engine/Content/BasicShapes/Plane.ubulk" 256
"../../../Engine/Content/BasicShapes/Plane.uasset" 257
"../../../Engine/Content/BasicShapes/Plane.uexp" 258
"../../../Engine/Content/BasicShapes/Cylinder.ubulk" 259
"../../../Engine/Content/BasicShapes/Cylinder.uasset" 260
"../../../Engine/Content/BasicShapes/Cylinder.uexp" 261
"../../../Engine/Content/BasicShapes/Cube.ubulk" 262
"../../../Engine/Content/BasicShapes/Cube.uasset" 263
"../../../Engine/Content/BasicShapes/Cube.uexp" 264
"../../../Engine/Content/BasicShapes/Cone.ubulk" 265
"../../../Engine/Content/BasicShapes/Cone.uasset" 266
"../../../Engine/Content/BasicShapes/Cone.uexp" 267
"../../../Engine/Content/EditorLandscapeResources/DefaultAlphaTexture.uasset" 268
"../../../Engine/Content/EditorLandscapeResources/DefaultAlphaTexture.uexp" 269
"../../../Engine/Content/EditorLandscapeResources/DataLayer.uasset" 270
"../../../Engine/Content/EditorLandscapeResources/DataLayer.uexp" 271
"../../../Engine/Content/EditorMaterials/PreviewShadowIndicator.ubulk" 272
"../../../Engine/Content/EditorMaterials/PreviewShadowIndicator.uasset" 273
"../../../Engine/Content/EditorMaterials/PreviewShadowIndicator.uexp" 274
"../../../Engine/Content/EditorMaterials/PreviewShadowIndicatorMaterial.uasset" 275
"../../../Engine/Content/EditorMaterials/PreviewShadowIndicatorMaterial.uexp" 276
"../../../Engine/Content/EditorMaterials/PhAT_UnselectedMaterial.uasset" 277
"../../../Engine/Content/EditorMaterials/PhAT_UnselectedMaterial.uexp" 278
"../../../Engine/Content/EditorMaterials/PhAT_NoCollisionMaterial.uasset" 279
"../../../Engine/Content/EditorMaterials/PhAT_NoCollisionMaterial.uexp" 280
"../../../Engine/Content/Functions/Engine_MaterialFunctions02/Utility/MakeFloat4.uasset" 281
"../../../Engine/Content/Functions/Engine_MaterialFunctions02/Utility/MakeFloat4.uexp" 282
"../../../Engine/Content/EditorMaterials/WorldPartition/WorldPartitionSpatialHashGridPreviewMaterial.uasset" 283
"../../../Engine/Content/EditorMaterials/WorldPartition/WorldPartitionSpatialHashGridPreviewMaterial.uexp" 284
"../../../Engine/Content/EditorResources/S_Terrain.ubulk" 285
"../../../Engine/Content/EditorResources/S_Terrain.uasset" 286
"../../../Engine/Content/EditorResources/S_Terrain.uexp" 287
"../../../Engine/Content/EditorResources/EmptyActor.uasset" 288
"../../../Engine/Content/EditorResources/EmptyActor.uexp" 289
"../../../Engine/Content/EditorResources/BSPVertex.uasset" 290
"../../../Engine/Content/EditorResources/BSPVertex.uexp" 291
"../../../Engine/Content/EditorResources/SequenceRecorder/RecordingIndicator.uasset" 292
"../../../Engine/Content/EditorResources/SequenceRecorder/RecordingIndicator.uexp" 293
"../../../Engine/Content/EditorResources/SequenceRecorder/Countdown.uasset" 294
"../../../Engine/Content/EditorResources/SequenceRecorder/Countdown.uexp" 295
"../../../Engine/Content/EngineDamageTypes/DmgTypeBP_Environmental.uasset" 296
"../../../Engine/Content/EngineDamageTypes/DmgTypeBP_Environmental.uexp" 297
"../../../Engine/Plugins/Interchange/Runtime/Content/Pipelines/DefaultAssetsPipeline.uasset" 298
"../../../Engine/Plugins/Interchange/Runtime/Content/Pipelines/DefaultAssetsPipeline.uexp" 299
"../../../Engine/Content/Functions/Engine_MaterialFunctions02/Utility/CameraDirectionVector.uasset" 300
"../../../Engine/Content/Functions/Engine_MaterialFunctions02/Utility/CameraDirectionVector.uexp" 301
"../../../Engine/Content/EngineDebugMaterials/VolumeToRender.uasset" 302
"../../../Engine/Content/EngineDebugMaterials/VolumeToRender.uexp" 303
"../../../Engine/Content/EngineDebugMaterials/M_VolumeRenderSphereTracePP.uasset" 304
"../../../Engine/Content/EngineDebugMaterials/M_VolumeRenderSphereTracePP.uexp" 305
"../../../Engine/Content/EngineDebugMaterials/M_SimpleUnlitTranslucent.uasset" 306
"../../../Engine/Content/EngineDebugMaterials/M_SimpleUnlitTranslucent.uexp" 307
"../../../Engine/Content/EngineDebugMaterials/DebugMeshMaterial.uasset" 308
"../../../Engine/Content/EngineDebugMaterials/DebugMeshMaterial.uexp" 309
"../../../Engine/Content/EngineDebugMaterials/DebugEditorMaterial.uasset" 310
"../../../Engine/Content/EngineDebugMaterials/DebugEditorMaterial.uexp" 311
"../../../Engine/Content/EngineFonts/Faces/RobotoLight.uexp" 312
"../../../Engine/Content/EngineFonts/Faces/RobotoLight.uasset" 313
"../../../Engine/Content/EngineFonts/Faces/RobotoLight.ufont" 314
"../../../Engine/Content/EngineFonts/Faces/RobotoBold.uexp" 315
"../../../Engine/Content/EngineFonts/Faces/RobotoBold.uasset" 316
"../../../Engine/Content/EngineFonts/Faces/RobotoBold.ufont" 317
"../../../Engine/Content/EngineFonts/Faces/RobotoRegular.uexp" 318
"../../../Engine/Content/EngineFonts/Faces/RobotoRegular.uasset" 319
"../../../Engine/Content/EngineFonts/Faces/RobotoRegular.ufont" 320
"../../../Engine/Content/EngineFonts/Faces/DroidSansFallback.uexp" 321
"../../../Engine/Content/EngineFonts/Faces/DroidSansFallback.uasset" 322
"../../../Engine/Content/EngineFonts/Faces/DroidSansFallback.ufont" 323
"../../../Engine/Content/EngineFonts/Faces/RobotoItalic.uexp" 324
"../../../Engine/Content/EngineFonts/Faces/RobotoItalic.uasset" 325
"../../../Engine/Content/EngineFonts/Faces/RobotoItalic.ufont" 326
"../../../Engine/Content/EngineFonts/Faces/RobotoBoldItalic.uexp" 327
"../../../Engine/Content/EngineFonts/Faces/RobotoBoldItalic.uasset" 328
"../../../Engine/Content/EngineFonts/Faces/RobotoBoldItalic.ufont" 329
"../../../Engine/Content/EngineFonts/Roboto.uasset" 330
"../../../Engine/Content/EngineFonts/Roboto.uexp" 331
"../../../Engine/Content/EngineResources/WhiteSquareTexture.uasset" 332
"../../../Engine/Content/EngineResources/WhiteSquareTexture.uexp" 333
"../../../Engine/Content/EngineMaterials/Widget3DPassThrough.uasset" 334
"../../../Engine/Content/EngineMaterials/Widget3DPassThrough.uexp" 335
"../../../Engine/Content/EngineMaterials/Widget3DPassThrough_Translucent.uasset" 336
"../../../Engine/Content/EngineMaterials/Widget3DPassThrough_Translucent.uexp" 337
"../../../Engine/Content/EngineMaterials/Widget3DPassThrough_Translucent_OneSided.uasset" 338
"../../../Engine/Content/EngineMaterials/Widget3DPassThrough_Translucent_OneSided.uexp" 339
"../../../Engine/Content/EngineMaterials/Widget3DPassThrough_Opaque.uasset" 340
"../../../Engine/Content/EngineMaterials/Widget3DPassThrough_Opaque.uexp" 341
"../../../Engine/Content/EngineMaterials/Widget3DPassThrough_Opaque_OneSided.uasset" 342
"../../../Engine/Content/EngineMaterials/Widget3DPassThrough_Opaque_OneSided.uexp" 343
"../../../Engine/Content/EngineMaterials/Widget3DPassThrough_Masked_OneSided.uasset" 344
"../../../Engine/Content/EngineMaterials/Widget3DPassThrough_Masked_OneSided.uexp" 345
"../../../Engine/Content/EngineMaterials/Widget3DPassThrough_Masked.uasset" 346
"../../../Engine/Content/EngineMaterials/Widget3DPassThrough_Masked.uexp" 347
"../../../Engine/Plugins/Interchange/Runtime/Content/gltf/MaterialFunctions/MF_RotateV2.uasset" 348
"../../../Engine/Plugins/Interchange/Runtime/Content/gltf/MaterialFunctions/MF_RotateV2.uexp" 349
"../../../Engine/Plugins/Interchange/Runtime/Content/gltf/MaterialFunctions/MF_TransformUVs.uasset" 350
"../../../Engine/Plugins/Interchange/Runtime/Content/gltf/MaterialFunctions/MF_TransformUVs.uexp" 351
"../../../Engine/Plugins/Interchange/Runtime/Content/gltf/Textures/T_White_srgb.uasset" 352
"../../../Engine/Plugins/Interchange/Runtime/Content/gltf/Textures/T_White_srgb.uexp" 353
"../../../Engine/Plugins/Interchange/Runtime/Content/gltf/MaterialFunctions/MF_BaseColor.uasset" 354
"../../../Engine/Plugins/Interchange/Runtime/Content/gltf/MaterialFunctions/MF_BaseColor.uexp" 355
"../../../Engine/Plugins/Interchange/Runtime/Content/gltf/MaterialFunctions/MF_DiffuseSpecGloss.uasset" 356
"../../../Engine/Plugins/Interchange/Runtime/Content/gltf/MaterialFunctions/MF_DiffuseSpecGloss.uexp" 357
"../../../Engine/Plugins/Interchange/Runtime/Content/gltf/Textures/T_White_Linear.uasset" 358
"../../../Engine/Plugins/Interchange/Runtime/Content/gltf/Textures/T_White_Linear.uexp" 359
"../../../Engine/Plugins/Interchange/Runtime/Content/gltf/MaterialFunctions/MF_MetallicRoughness.uasset" 360
"../../../Engine/Plugins/Interchange/Runtime/Content/gltf/MaterialFunctions/MF_MetallicRoughness.uexp" 361
"../../../Engine/Content/Functions/Engine_MaterialFunctions02/Math/Transform3x3Matrix.uasset" 362
"../../../Engine/Content/Functions/Engine_MaterialFunctions02/Math/Transform3x3Matrix.uexp" 363
"../../../Engine/Plugins/Interchange/Runtime/Content/gltf/MaterialFunctions/MF_RotateNormals_TS.uasset" 364
"../../../Engine/Plugins/Interchange/Runtime/Content/gltf/MaterialFunctions/MF_RotateNormals_TS.uexp" 365
"../../../Engine/Plugins/Interchange/Runtime/Content/gltf/Textures/T_Generic_N.uasset" 366
"../../../Engine/Plugins/Interchange/Runtime/Content/gltf/Textures/T_Generic_N.uexp" 367
"../../../Engine/Plugins/Interchange/Runtime/Content/gltf/MaterialFunctions/MF_Clearcoat.uasset" 368
"../../../Engine/Plugins/Interchange/Runtime/Content/gltf/MaterialFunctions/MF_Clearcoat.uexp" 369
"../../../Engine/Plugins/Interchange/Runtime/Content/gltf/MaterialFunctions/MF_Occlusion.uasset" 370
"../../../Engine/Plugins/Interchange/Runtime/Content/gltf/MaterialFunctions/MF_Occlusion.uexp" 371
"../../../Engine/Plugins/Interchange/Runtime/Content/gltf/MaterialFunctions/MF_Emissive.uasset" 372
"../../../Engine/Plugins/Interchange/Runtime/Content/gltf/MaterialFunctions/MF_Emissive.uexp" 373
"../../../Engine/Plugins/Interchange/Runtime/Content/gltf/MaterialFunctions/MF_Specular.uasset" 374
"../../../Engine/Plugins/Interchange/Runtime/Content/gltf/MaterialFunctions/MF_Specular.uexp" 375
"../../../Engine/Plugins/Interchange/Runtime/Content/gltf/MaterialFunctions/MF_IOR.uasset" 376
"../../../Engine/Plugins/Interchange/Runtime/Content/gltf/MaterialFunctions/MF_IOR.uexp" 377
"../../../Engine/Content/Functions/Engine_MaterialFunctions01/Texturing/FlattenNormal.uasset" 378
"../../../Engine/Content/Functions/Engine_MaterialFunctions01/Texturing/FlattenNormal.uexp" 379
"../../../Engine/Plugins/Interchange/Runtime/Content/gltf/MaterialFunctions/MF_Normals.uasset" 380
"../../../Engine/Plugins/Interchange/Runtime/Content/gltf/MaterialFunctions/MF_Normals.uexp" 381
"../../../Engine/Content/Functions/Engine_MaterialFunctions02/Math/AddComponents.uasset" 382
"../../../Engine/Content/Functions/Engine_MaterialFunctions02/Math/AddComponents.uexp" 383
"../../../Engine/Plugins/Interchange/Runtime/Content/gltf/MaterialFunctions/MF_PerceivedBrightness.uasset" 384
"../../../Engine/Plugins/Interchange/Runtime/Content/gltf/MaterialFunctions/MF_PerceivedBrightness.uexp" 385
"../../../Engine/Plugins/Interchange/Runtime/Content/gltf/MaterialFunctions/MF_SpecGlossToMetalRoughness.uasset" 386
"../../../Engine/Plugins/Interchange/Runtime/Content/gltf/MaterialFunctions/MF_SpecGlossToMetalRoughness.uexp" 387
"../../../Engine/Plugins/Interchange/Runtime/Content/gltf/M_Translucent.uasset" 388
"../../../Engine/Plugins/Interchange/Runtime/Content/gltf/M_Translucent.uexp" 389
"../../../Engine/Plugins/Interchange/Runtime/Content/gltf/MaterialInstances_SG/MI_Translucent.uasset" 390
"../../../Engine/Plugins/Interchange/Runtime/Content/gltf/MaterialInstances_SG/MI_Translucent.uexp" 391
"../../../Engine/Plugins/Runtime/MeshModelingToolset/Content/Materials/M_DynamicMeshComponentVtxColor.uasset" 392
"../../../Engine/Plugins/Runtime/MeshModelingToolset/Content/Materials/M_DynamicMeshComponentVtxColor.uexp" 393
"../../../Engine/Content/EngineMaterials/STBlueNoise_vec2_128x128x64.uasset" 394
"../../../Engine/Content/EngineMaterials/STBlueNoise_vec2_128x128x64.uexp" 395
"../../../Engine/Content/EngineMaterials/STBlueNoise_scalar_128x128x64.uasset" 396
"../../../Engine/Content/EngineMaterials/STBlueNoise_scalar_128x128x64.uexp" 397
"../../../Engine/Content/EngineMaterials/RemoveSurfaceMaterial.uasset" 398
"../../../Engine/Content/EngineMaterials/RemoveSurfaceMaterial.uexp" 399
"../../../Engine/Plugins/Interchange/Runtime/Content/gltf/MaterialFunctions/MF_Sheen.uasset" 400
"../../../Engine/Plugins/Interchange/Runtime/Content/gltf/MaterialFunctions/MF_Sheen.uexp" 401
"../../../Engine/Content/Functions/Engine_MaterialFunctions01/Shading/FuzzyShading.uasset" 402
"../../../Engine/Content/Functions/Engine_MaterialFunctions01/Shading/FuzzyShading.uexp" 403
"../../../Engine/Plugins/Interchange/Runtime/Content/gltf/M_Sheen.uasset" 404
"../../../Engine/Plugins/Interchange/Runtime/Content/gltf/M_Sheen.uexp" 405
"../../../Engine/Plugins/Interchange/Runtime/Content/gltf/MaterialInstances_SG/MI_Opaque_Sheen_TS.uasset" 406
"../../../Engine/Plugins/Interchange/Runtime/Content/gltf/MaterialInstances_SG/MI_Opaque_Sheen_TS.uexp" 407
"../../../Engine/Content/EngineMaterials/DefaultCalibrationGrayscale.uasset" 408
"../../../Engine/Content/EngineMaterials/DefaultCalibrationGrayscale.uexp" 409
"../../../Engine/Content/EngineMaterials/PPM_DefaultCalibrationGrayscale.uasset" 410
"../../../Engine/Content/EngineMaterials/PPM_DefaultCalibrationGrayscale.uexp" 411
"../../../Engine/Content/EngineMaterials/DefaultCalibrationColor.uasset" 412
"../../../Engine/Content/EngineMaterials/DefaultCalibrationColor.uexp" 413
"../../../Engine/Content/EngineMaterials/PPM_DefaultCalibrationColor.uasset" 414
"../../../Engine/Content/EngineMaterials/PPM_DefaultCalibrationColor.uexp" 415
"../../../Engine/Content/Functions/Engine_MaterialFunctions02/WorldPositionOffset/CameraOffset.uasset" 416
"../../../Engine/Content/Functions/Engine_MaterialFunctions02/WorldPositionOffset/CameraOffset.uexp" 417
"../../../Engine/Content/EngineMaterials/PhAT_JointLimitMaterial.uasset" 418
"../../../Engine/Content/EngineMaterials/PhAT_JointLimitMaterial.uexp" 419
"../../../Engine/Content/EngineMaterials/InvalidLightmapSettings.ubulk" 420
"../../../Engine/Content/EngineMaterials/InvalidLightmapSettings.uasset" 421
"../../../Engine/Content/EngineMaterials/InvalidLightmapSettings.uexp" 422
"../../../Engine/Content/EngineMaterials/M_InvalidLightmapSettings.uasset" 423
"../../../Engine/Content/EngineMaterials/M_InvalidLightmapSettings.uexp" 424
"../../../Engine/Plugins/Interchange/Runtime/Content/gltf/M_Opaque.uasset" 425
"../../../Engine/Plugins/Interchange/Runtime/Content/gltf/M_Opaque.uexp" 426
"../../../Engine/Plugins/Interchange/Runtime/Content/gltf/MaterialInstances_SG/MI_Opaque_TS.uasset" 427
"../../../Engine/Plugins/Interchange/Runtime/Content/gltf/MaterialInstances_SG/MI_Opaque_TS.uexp" 428
"../../../Engine/Plugins/Interchange/Runtime/Content/Materials/PBRSurfaceMaterial.uasset" 429
"../../../Engine/Plugins/Interchange/Runtime/Content/Materials/PBRSurfaceMaterial.uexp" 430
"../../../Engine/Plugins/Interchange/Runtime/Content/gltf/MaterialInstances_SG/MI_Opaque_ClearCoat_TS.uasset" 431
"../../../Engine/Plugins/Interchange/Runtime/Content/gltf/MaterialInstances_SG/MI_Opaque_ClearCoat_TS.uexp" 432
"../../../Engine/Content/EngineMaterials/GizmoMaterial.uasset" 433
"../../../Engine/Content/EngineMaterials/GizmoMaterial.uexp" 434
"../../../Engine/Content/EngineMaterials/BaseFlattenEmissiveMap_VT.uasset" 435
"../../../Engine/Content/EngineMaterials/BaseFlattenEmissiveMap_VT.uexp" 436
"../../../Engine/Content/EngineMaterials/BaseFlattenGrayscaleMap_VT.uasset" 437
"../../../Engine/Content/EngineMaterials/BaseFlattenGrayscaleMap_VT.uexp" 438
"../../../Engine/Content/EngineMaterials/BaseFlattenLinearColor_VT.uasset" 439
"../../../Engine/Content/EngineMaterials/BaseFlattenLinearColor_VT.uexp" 440
"../../../Engine/Content/EngineMaterials/Black_1x1_EXR_Texture_VT.uasset" 441
"../../../Engine/Content/EngineMaterials/Black_1x1_EXR_Texture_VT.uexp" 442
"../../../Engine/Content/EngineMaterials/BaseFlattenDiffuseMap_VT.uasset" 443
"../../../Engine/Content/EngineMaterials/BaseFlattenDiffuseMap_VT.uexp" 444
"../../../Engine/Content/EngineMaterials/BaseFlattenNormalMap_VT.uasset" 445
"../../../Engine/Content/EngineMaterials/BaseFlattenNormalMap_VT.uexp" 446
"../../../Engine/Content/EngineMaterials/FlattenMaterial_WS_Normal_VT.uasset" 447
"../../../Engine/Content/EngineMaterials/FlattenMaterial_WS_Normal_VT.uexp" 448
"../../../Engine/Content/EngineMaterials/FlattenMaterial_VT.uasset" 449
"../../../Engine/Content/EngineMaterials/FlattenMaterial_VT.uexp" 450
"../../../Engine/Content/EngineMaterials/BaseFlattenNormalMap.uasset" 451
"../../../Engine/Content/EngineMaterials/BaseFlattenNormalMap.uexp" 452
"../../../Engine/Content/EngineMaterials/BaseFlattenGrayscaleMap.uasset" 453
"../../../Engine/Content/EngineMaterials/BaseFlattenGrayscaleMap.uexp" 454
"../../../Engine/Content/EngineMaterials/BaseFlattenDiffuseMap.uasset" 455
"../../../Engine/Content/EngineMaterials/BaseFlattenDiffuseMap.uexp" 456
"../../../Engine/Content/Functions/Engine_MaterialFunctions02/PivotPainter2/Black_1x1_EXR_Texture.uasset" 457
"../../../Engine/Content/Functions/Engine_MaterialFunctions02/PivotPainter2/Black_1x1_EXR_Texture.uexp" 458
"../../../Engine/Content/EngineMaterials/BaseFlattenEmissiveMap.uasset" 459
"../../../Engine/Content/EngineMaterials/BaseFlattenEmissiveMap.uexp" 460
"../../../Engine/Content/EngineMaterials/FlattenMaterial.uasset" 461
"../../../Engine/Content/EngineMaterials/FlattenMaterial.uexp" 462
"../../../Engine/Content/EngineMaterials/DefaultWhiteGrid_Low.uasset" 463
"../../../Engine/Content/EngineMaterials/DefaultWhiteGrid_Low.uexp" 464
"../../../Engine/Content/EngineMaterials/EmissiveMeshMaterial.uasset" 465
"../../../Engine/Content/EngineMaterials/EmissiveMeshMaterial.uexp" 466
"../../../Engine/Plugins/Interchange/Runtime/Content/gltf/MaterialInstances_SG/MI_Translucent_ClearCoat.uasset" 467
"../../../Engine/Plugins/Interchange/Runtime/Content/gltf/MaterialInstances_SG/MI_Translucent_ClearCoat.uexp" 468
"../../../Engine/Content/EngineFonts/RobotoDistanceField.uasset" 469
"../../../Engine/Content/EngineFonts/RobotoDistanceField.uexp" 470
"../../../Engine/Content/EngineMaterials/DefaultTextMaterialOpaque.uasset" 471
"../../../Engine/Content/EngineMaterials/DefaultTextMaterialOpaque.uexp" 472
"../../../Engine/Content/EngineMaterials/DefaultDiffuse.ubulk" 473
"../../../Engine/Content/EngineMaterials/DefaultDiffuse.uasset" 474
"../../../Engine/Content/EngineMaterials/DefaultDiffuse.uexp" 475
"../../../Engine/Content/Functions/Engine_MaterialFunctions02/Utility/BreakOutFloat2Components.uasset" 476
"../../../Engine/Content/Functions/Engine_MaterialFunctions02/Utility/BreakOutFloat2Components.uexp" 477
"../../../Engine/Content/EngineMaterials/DefaultPostProcessMaterial.uasset" 478
"../../../Engine/Content/EngineMaterials/DefaultPostProcessMaterial.uexp" 479
"../../../Engine/Content/EngineMaterials/DefaultPhysicalMaterial.uasset" 480
"../../../Engine/Content/EngineMaterials/DefaultPhysicalMaterial.uexp" 481
"../../../Engine/Content/EngineMaterials/DefaultLightFunctionMaterial.uasset" 482
"../../../Engine/Content/EngineMaterials/DefaultLightFunctionMaterial.uexp" 483
"../../../Engine/Content/EngineMaterials/DefaultDestructiblePhysicalMaterial.uasset" 484
"../../../Engine/Content/EngineMaterials/DefaultDestructiblePhysicalMaterial.uexp" 485
"../../../Engine/Content/EngineMaterials/DefaultDeferredDecalMaterial.uasset" 486
"../../../Engine/Content/EngineMaterials/DefaultDeferredDecalMaterial.uexp" 487
"../../../Engine/Plugins/Interchange/Runtime/Content/gltf/MaterialInstances_SG/MI_Opaque_Sheen.uasset" 488
"../../../Engine/Plugins/Interchange/Runtime/Content/gltf/MaterialInstances_SG/MI_Opaque_Sheen.uexp" 489
"../../../Engine/Content/EngineMaterials/DefaultBloomKernel.uasset" 490
"../../../Engine/Content/EngineMaterials/DefaultBloomKernel.uexp" 491
"../../../Engine/Plugins/Interchange/Runtime/Content/gltf/MaterialInstances_SG/MI_Opaque_ClearCoat.uasset" 492
"../../../Engine/Plugins/Interchange/Runtime/Content/gltf/MaterialInstances_SG/MI_Opaque_ClearCoat.uexp" 493
"../../../Engine/Plugins/Interchange/Runtime/Content/gltf/MaterialInstances_SG/MI_Opaque.uasset" 494
"../../../Engine/Plugins/Interchange/Runtime/Content/gltf/MaterialInstances_SG/MI_Opaque.uexp" 495
"../../../Engine/Plugins/Interchange/Runtime/Content/Materials/UnlitMaterial.uasset" 496
"../../../Engine/Plugins/Interchange/Runtime/Content/Materials/UnlitMaterial.uexp" 497
"../../../Engine/Plugins/Interchange/Runtime/Content/Materials/ThinTranslucentMaterial.uasset" 498
"../../../Engine/Plugins/Interchange/Runtime/Content/Materials/ThinTranslucentMaterial.uexp" 499
"../../../Engine/Plugins/Interchange/Runtime/Content/Materials/SubsurfaceMaterial.uasset" 500
"../../../Engine/Plugins/Interchange/Runtime/Content/Materials/SubsurfaceMaterial.uexp" 501
"../../../Engine/Plugins/Interchange/Runtime/Content/gltf/Textures/T_Gray_Linear.uasset" 502
"../../../Engine/Plugins/Interchange/Runtime/Content/gltf/Textures/T_Gray_Linear.uexp" 503
"../../../Engine/Plugins/Interchange/Runtime/Content/Materials/SheenMaterial.uasset" 504
"../../../Engine/Plugins/Interchange/Runtime/Content/Materials/SheenMaterial.uexp" 505
"../../../Engine/Content/Functions/Engine_MaterialFunctions01/Shading/ConvertFromDiffSpec.uasset" 506
"../../../Engine/Content/Functions/Engine_MaterialFunctions01/Shading/ConvertFromDiffSpec.uexp" 507
"../../../Engine/Plugins/Interchange/Runtime/Content/Materials/PhongSurfaceMaterial.uasset" 508
"../../../Engine/Plugins/Interchange/Runtime/Content/Materials/PhongSurfaceMaterial.uexp" 509
"../../../Engine/Content/EngineResources/FilmGrains/Marcie_Grain_v3_128_M2_000.uasset" 510
"../../../Engine/Content/EngineResources/FilmGrains/Marcie_Grain_v3_128_M2_000.uexp" 511
"../../../Engine/Content/EngineSky/T_Sky_Stars.ubulk" 512
"../../../Engine/Content/EngineSky/T_Sky_Stars.uasset" 513
"../../../Engine/Content/EngineSky/T_Sky_Stars.uexp" 514
"../../../Engine/Content/EngineSky/T_Sky_Clouds_M.ubulk" 515
"../../../Engine/Content/EngineSky/T_Sky_Clouds_M.uasset" 516
"../../../Engine/Content/EngineSky/T_Sky_Clouds_M.uexp" 517
"../../../Engine/Content/EngineSky/T_Sky_Blue.ubulk" 518
"../../../Engine/Content/EngineSky/T_Sky_Blue.uasset" 519
"../../../Engine/Content/EngineSky/T_Sky_Blue.uexp" 520
"../../../Engine/Content/EngineSky/M_Sky_Panning_Clouds2.uasset" 521
"../../../Engine/Content/EngineSky/M_Sky_Panning_Clouds2.uexp" 522
"../../../Engine/Content/EngineSky/SM_SkySphere.ubulk" 523
"../../../Engine/Content/EngineSky/SM_SkySphere.uasset" 524
"../../../Engine/Content/EngineSky/SM_SkySphere.uexp" 525
"../../../Engine/Content/EngineSky/M_SimpleSkyDome.uasset" 526
"../../../Engine/Content/EngineSky/M_SimpleSkyDome.uexp" 527
"../../../Engine/Content/EngineSky/VolumetricClouds/CloudWeatherTexture.uasset" 528
"../../../Engine/Content/EngineSky/VolumetricClouds/CloudWeatherTexture.uexp" 529
"../../../Engine/Content/Functions/Engine_MaterialFunctions02/Utility/MakeFloat2.uasset" 530
"../../../Engine/Content/Functions/Engine_MaterialFunctions02/Utility/MakeFloat2.uexp" 531
"../../../Engine/Content/EngineSky/VolumetricClouds/CloudGradientTexture.uasset" 532
"../../../Engine/Content/EngineSky/VolumetricClouds/CloudGradientTexture.uexp" 533
"../../../Engine/Content/EngineSky/VolumetricClouds/T_NoiseShape64.ubulk" 534
"../../../Engine/Content/EngineSky/VolumetricClouds/T_NoiseShape64.uasset" 535
"../../../Engine/Content/EngineSky/VolumetricClouds/T_NoiseShape64.uexp" 536
"../../../Engine/Content/EngineSky/VolumetricClouds/T_VolumeNoiseShape64.uasset" 537
"../../../Engine/Content/EngineSky/VolumetricClouds/T_VolumeNoiseShape64.uexp" 538
"../../../Engine/Content/EngineSky/VolumetricClouds/T_NoiseErosion.ubulk" 539
"../../../Engine/Content/EngineSky/VolumetricClouds/T_NoiseErosion.uasset" 540
"../../../Engine/Content/EngineSky/VolumetricClouds/T_NoiseErosion.uexp" 541
"../../../Engine/Content/EngineSky/VolumetricClouds/T_VolumeNoiseErosion32.uasset" 542
"../../../Engine/Content/EngineSky/VolumetricClouds/T_VolumeNoiseErosion32.uexp" 543
"../../../Engine/Content/EngineSky/VolumetricClouds/m_SimpleVolumetricCloud.uasset" 544
"../../../Engine/Content/EngineSky/VolumetricClouds/m_SimpleVolumetricCloud.uexp" 545
"../../../Engine/Content/EngineSky/VolumetricClouds/m_SimpleVolumetricCloud_Inst.uasset" 546
"../../../Engine/Content/EngineSky/VolumetricClouds/m_SimpleVolumetricCloud_Inst.uexp" 547
"../../../Engine/Content/EngineSounds/Master.uasset" 548
"../../../Engine/Content/EngineSounds/Master.uexp" 549
"../../../Engine/Content/Functions/Engine_MaterialFunctions01/Shading/PowerToRoughness.uasset" 550
"../../../Engine/Content/Functions/Engine_MaterialFunctions01/Shading/PowerToRoughness.uexp" 551
"../../../Engine/Plugins/Interchange/Runtime/Content/gltf/Textures/T_Black_srgb.uasset" 552
"../../../Engine/Plugins/Interchange/Runtime/Content/gltf/Textures/T_Black_srgb.uexp" 553
"../../../Engine/Content/Maps/Templates/HLODs/HLODLayer_Merged.uasset" 554
"../../../Engine/Content/Maps/Templates/HLODs/HLODLayer_Merged.uexp" 555
"../../../Engine/Content/MobileResources/HUD/VirtualJoystick_Background.uasset" 556
"../../../Engine/Content/MobileResources/HUD/VirtualJoystick_Background.uexp" 557
"../../../Engine/Content/MobileResources/HUD/VirtualJoystick_Thumb.uasset" 558
"../../../Engine/Content/MobileResources/HUD/VirtualJoystick_Thumb.uexp" 559
"../../../Engine/Content/MobileResources/HUD/DefaultVirtualJoysticks.uasset" 560
"../../../Engine/Content/MobileResources/HUD/DefaultVirtualJoysticks.uexp" 561
"../../../Engine/Plugins/2D/Paper2D/Content/PlaceholderTextures/DummySpriteTexture.ubulk" 562
"../../../Engine/Plugins/2D/Paper2D/Content/PlaceholderTextures/DummySpriteTexture.uasset" 563
"../../../Engine/Plugins/2D/Paper2D/Content/PlaceholderTextures/DummySpriteTexture.uexp" 564
"../../../Engine/Plugins/2D/Paper2D/Content/DefaultSpriteMaterial.uasset" 565
"../../../Engine/Plugins/2D/Paper2D/Content/DefaultSpriteMaterial.uexp" 566
"../../../Engine/Plugins/2D/Paper2D/Content/OpaqueUnlitSpriteMaterial.uasset" 567
"../../../Engine/Plugins/2D/Paper2D/Content/OpaqueUnlitSpriteMaterial.uexp" 568
"../../../Engine/Plugins/2D/Paper2D/Content/MaskedUnlitSpriteMaterial.uasset" 569
"../../../Engine/Plugins/2D/Paper2D/Content/MaskedUnlitSpriteMaterial.uexp" 570
"../../../Engine/Plugins/2D/Paper2D/Content/DummySprite.uasset" 571
"../../../Engine/Plugins/2D/Paper2D/Content/DummySprite.uexp" 572
"../../../Engine/Plugins/2D/Paper2D/Content/DefaultPaperTerrainMaterial.uasset" 573
"../../../Engine/Plugins/2D/Paper2D/Content/DefaultPaperTerrainMaterial.uexp" 574
"../../../Engine/Plugins/Animation/ControlRig/Content/M_Manip.uasset" 575
"../../../Engine/Plugins/Animation/ControlRig/Content/M_Manip.uexp" 576
"../../../Engine/Plugins/Animation/ControlRig/Content/Controls/DefaultGizmoLibraryNormalized.uasset" 577
"../../../Engine/Plugins/Animation/ControlRig/Content/Controls/DefaultGizmoLibraryNormalized.uexp" 578
"../../../Engine/Plugins/Animation/ControlRig/Content/Controls/ControlRig_Wedge_solid.ubulk" 579
"../../../Engine/Plugins/Animation/ControlRig/Content/Controls/ControlRig_Wedge_solid.uasset" 580
"../../../Engine/Plugins/Animation/ControlRig/Content/Controls/ControlRig_Wedge_solid.uexp" 581
"../../../Engine/Plugins/Animation/ControlRig/Content/Controls/ControlRig_Wedge_3mm.ubulk" 582
"../../../Engine/Plugins/Animation/ControlRig/Content/Controls/ControlRig_Wedge_3mm.uasset" 583
"../../../Engine/Plugins/Animation/ControlRig/Content/Controls/ControlRig_Wedge_3mm.uexp" 584
"../../../Engine/Plugins/Animation/ControlRig/Content/Controls/ControlRig_Wedge_1mm.ubulk" 585
"../../../Engine/Plugins/Animation/ControlRig/Content/Controls/ControlRig_Wedge_1mm.uasset" 586
"../../../Engine/Plugins/Animation/ControlRig/Content/Controls/ControlRig_Wedge_1mm.uexp" 587
"../../../Engine/Plugins/Animation/ControlRig/Content/Controls/ControlRig_Triangle_solid.ubulk" 588
"../../../Engine/Plugins/Animation/ControlRig/Content/Controls/ControlRig_Triangle_solid.uasset" 589
"../../../Engine/Plugins/Animation/ControlRig/Content/Controls/ControlRig_Triangle_solid.uexp" 590
"../../../Engine/Plugins/Animation/ControlRig/Content/Controls/ControlRig_Triangle_3mm.ubulk" 591
"../../../Engine/Plugins/Animation/ControlRig/Content/Controls/ControlRig_Triangle_3mm.uasset" 592
"../../../Engine/Plugins/Animation/ControlRig/Content/Controls/ControlRig_Triangle_3mm.uexp" 593
"../../../Engine/Plugins/Animation/ControlRig/Content/Controls/ControlRig_Triangle_1mm.ubulk" 594
"../../../Engine/Plugins/Animation/ControlRig/Content/Controls/ControlRig_Triangle_1mm.uasset" 595
"../../../Engine/Plugins/Animation/ControlRig/Content/Controls/ControlRig_Triangle_1mm.uexp" 596
"../../../Engine/Plugins/Animation/ControlRig/Content/Controls/ControlRig_Star4_solid.ubulk" 597
"../../../Engine/Plugins/Animation/ControlRig/Content/Controls/ControlRig_Star4_solid.uasset" 598
"../../../Engine/Plugins/Animation/ControlRig/Content/Controls/ControlRig_Star4_solid.uexp" 599
"../../../Engine/Plugins/Animation/ControlRig/Content/Controls/ControlRig_Star4_3mm.ubulk" 600
"../../../Engine/Plugins/Animation/ControlRig/Content/Controls/ControlRig_Star4_3mm.uasset" 601
"../../../Engine/Plugins/Animation/ControlRig/Content/Controls/ControlRig_Star4_3mm.uexp" 602
"../../../Engine/Plugins/Animation/ControlRig/Content/Controls/ControlRig_Star4_1mm.ubulk" 603
"../../../Engine/Plugins/Animation/ControlRig/Content/Controls/ControlRig_Star4_1mm.uasset" 604
"../../../Engine/Plugins/Animation/ControlRig/Content/Controls/ControlRig_Star4_1mm.uexp" 605
"../../../Engine/Plugins/Animation/ControlRig/Content/Controls/ControlRig_Square_solid.ubulk" 606
"../../../Engine/Plugins/Animation/ControlRig/Content/Controls/ControlRig_Square_solid.uasset" 607
"../../../Engine/Plugins/Animation/ControlRig/Content/Controls/ControlRig_Square_solid.uexp" 608
"../../../Engine/Plugins/Animation/ControlRig/Content/Controls/ControlRig_Square_3mm.ubulk" 609
"../../../Engine/Plugins/Animation/ControlRig/Content/Controls/ControlRig_Square_3mm.uasset" 610
"../../../Engine/Plugins/Animation/ControlRig/Content/Controls/ControlRig_Square_3mm.uexp" 611
"../../../Engine/Plugins/Animation/ControlRig/Content/Controls/ControlRig_Square_1mm.ubulk" 612
"../../../Engine/Plugins/Animation/ControlRig/Content/Controls/ControlRig_Square_1mm.uasset" 613
"../../../Engine/Plugins/Animation/ControlRig/Content/Controls/ControlRig_Square_1mm.uexp" 614
"../../../Engine/Plugins/Animation/ControlRig/Content/Controls/ControlRig_Sphere_solid.ubulk" 615
"../../../Engine/Plugins/Animation/ControlRig/Content/Controls/ControlRig_Sphere_solid.uasset" 616
"../../../Engine/Plugins/Animation/ControlRig/Content/Controls/ControlRig_Sphere_solid.uexp" 617
"../../../Engine/Plugins/Animation/ControlRig/Content/Controls/ControlRig_Sphere_3mm.ubulk" 618
"../../../Engine/Plugins/Animation/ControlRig/Content/Controls/ControlRig_Sphere_3mm.uasset" 619
"../../../Engine/Plugins/Animation/ControlRig/Content/Controls/ControlRig_Sphere_3mm.uexp" 620
"../../../Engine/Plugins/Animation/ControlRig/Content/Controls/ControlRig_Sphere_1mm.ubulk" 621
"../../../Engine/Plugins/Animation/ControlRig/Content/Controls/ControlRig_Sphere_1mm.uasset" 622
"../../../Engine/Plugins/Animation/ControlRig/Content/Controls/ControlRig_Sphere_1mm.uexp" 623
"../../../Engine/Plugins/Animation/ControlRig/Content/Controls/ControlRig_RoundedTriangle_solid.ubulk" 624
"../../../Engine/Plugins/Animation/ControlRig/Content/Controls/ControlRig_RoundedTriangle_solid.uasset" 625
"../../../Engine/Plugins/Animation/ControlRig/Content/Controls/ControlRig_RoundedTriangle_solid.uexp" 626
"../../../Engine/Plugins/Animation/ControlRig/Content/Controls/ControlRig_RoundedTriangle_3mm.ubulk" 627
"../../../Engine/Plugins/Animation/ControlRig/Content/Controls/ControlRig_RoundedTriangle_3mm.uasset" 628
"../../../Engine/Plugins/Animation/ControlRig/Content/Controls/ControlRig_RoundedTriangle_3mm.uexp" 629
"../../../Engine/Plugins/Animation/ControlRig/Content/Controls/ControlRig_RoundedTriangle_1mm.ubulk" 630
"../../../Engine/Plugins/Animation/ControlRig/Content/Controls/ControlRig_RoundedTriangle_1mm.uasset" 631
"../../../Engine/Plugins/Animation/ControlRig/Content/Controls/ControlRig_RoundedTriangle_1mm.uexp" 632
"../../../Engine/Plugins/Animation/ControlRig/Content/Controls/ControlRig_RoundedSquare_solid.ubulk" 633
"../../../Engine/Plugins/Animation/ControlRig/Content/Controls/ControlRig_RoundedSquare_solid.uasset" 634
"../../../Engine/Plugins/Animation/ControlRig/Content/Controls/ControlRig_RoundedSquare_solid.uexp" 635
"../../../Engine/Plugins/Animation/ControlRig/Content/Controls/ControlRig_RoundedSquare_3mm.ubulk" 636
"../../../Engine/Plugins/Animation/ControlRig/Content/Controls/ControlRig_RoundedSquare_3mm.uasset" 637
"../../../Engine/Plugins/Animation/ControlRig/Content/Controls/ControlRig_RoundedSquare_3mm.uexp" 638
"../../../Engine/Plugins/Animation/ControlRig/Content/Controls/ControlRig_RoundedSquare_1mm.ubulk" 639
"../../../Engine/Plugins/Animation/ControlRig/Content/Controls/ControlRig_RoundedSquare_1mm.uasset" 640
"../../../Engine/Plugins/Animation/ControlRig/Content/Controls/ControlRig_RoundedSquare_1mm.uexp" 641
"../../../Engine/Plugins/Animation/ControlRig/Content/Controls/ControlRig_QuarterCircle_solid.ubulk" 642
"../../../Engine/Plugins/Animation/ControlRig/Content/Controls/ControlRig_QuarterCircle_solid.uasset" 643
"../../../Engine/Plugins/Animation/ControlRig/Content/Controls/ControlRig_QuarterCircle_solid.uexp" 644
"../../../Engine/Plugins/Animation/ControlRig/Content/Controls/ControlRig_QuarterCircle_3mm.ubulk" 645
"../../../Engine/Plugins/Animation/ControlRig/Content/Controls/ControlRig_QuarterCircle_3mm.uasset" 646
"../../../Engine/Plugins/Animation/ControlRig/Content/Controls/ControlRig_QuarterCircle_3mm.uexp" 647
"../../../Engine/Plugins/Animation/ControlRig/Content/Controls/ControlRig_QuarterCircle_1mm.ubulk" 648
"../../../Engine/Plugins/Animation/ControlRig/Content/Controls/ControlRig_QuarterCircle_1mm.uasset" 649
"../../../Engine/Plugins/Animation/ControlRig/Content/Controls/ControlRig_QuarterCircle_1mm.uexp" 650
"../../../Engine/Plugins/Animation/ControlRig/Content/Controls/ControlRig_Pyramid_solid.ubulk" 651
"../../../Engine/Plugins/Animation/ControlRig/Content/Controls/ControlRig_Pyramid_solid.uasset" 652
"../../../Engine/Plugins/Animation/ControlRig/Content/Controls/ControlRig_Pyramid_solid.uexp" 653
"../../../Engine/Plugins/Animation/ControlRig/Content/Controls/ControlRig_Pyramid_3mm.ubulk" 654
"../../../Engine/Plugins/Animation/ControlRig/Content/Controls/ControlRig_Pyramid_3mm.uasset" 655
"../../../Engine/Plugins/Animation/ControlRig/Content/Controls/ControlRig_Pyramid_3mm.uexp" 656
"../../../Engine/Plugins/Animation/ControlRig/Content/Controls/ControlRig_Pyramid_1mm.ubulk" 657
"../../../Engine/Plugins/Animation/ControlRig/Content/Controls/ControlRig_Pyramid_1mm.uasset" 658
"../../../Engine/Plugins/Animation/ControlRig/Content/Controls/ControlRig_Pyramid_1mm.uexp" 659
"../../../Engine/Plugins/Animation/ControlRig/Content/Controls/ControlRig_Octagon_solid.ubulk" 660
"../../../Engine/Plugins/Animation/ControlRig/Content/Controls/ControlRig_Octagon_solid.uasset" 661
"../../../Engine/Plugins/Animation/ControlRig/Content/Controls/ControlRig_Octagon_solid.uexp" 662
"../../../Engine/Plugins/Animation/ControlRig/Content/Controls/ControlRig_Octagon_3mm.ubulk" 663
"../../../Engine/Plugins/Animation/ControlRig/Content/Controls/ControlRig_Octagon_3mm.uasset" 664
"../../../Engine/Plugins/Animation/ControlRig/Content/Controls/ControlRig_Octagon_3mm.uexp" 665
"../../../Engine/Plugins/Animation/ControlRig/Content/Controls/ControlRig_Octagon_1mm.ubulk" 666
"../../../Engine/Plugins/Animation/ControlRig/Content/Controls/ControlRig_Octagon_1mm.uasset" 667
"../../../Engine/Plugins/Animation/ControlRig/Content/Controls/ControlRig_Octagon_1mm.uexp" 668
"../../../Engine/Plugins/Animation/ControlRig/Content/Controls/ControlRig_Hexagon_solid.ubulk" 669
"../../../Engine/Plugins/Animation/ControlRig/Content/Controls/ControlRig_Hexagon_solid.uasset" 670
"../../../Engine/Plugins/Animation/ControlRig/Content/Controls/ControlRig_Hexagon_solid.uexp" 671
"../../../Engine/Plugins/Animation/ControlRig/Content/Controls/ControlRig_Hexagon_3mm.ubulk" 672
"../../../Engine/Plugins/Animation/ControlRig/Content/Controls/ControlRig_Hexagon_3mm.uasset" 673
"../../../Engine/Plugins/Animation/ControlRig/Content/Controls/ControlRig_Hexagon_3mm.uexp" 674
"../../../Engine/Plugins/Animation/ControlRig/Content/Controls/ControlRig_Hexagon_1mm.ubulk" 675
"../../../Engine/Plugins/Animation/ControlRig/Content/Controls/ControlRig_Hexagon_1mm.uasset" 676
"../../../Engine/Plugins/Animation/ControlRig/Content/Controls/ControlRig_Hexagon_1mm.uexp" 677
"../../../Engine/Plugins/Animation/ControlRig/Content/Controls/ControlRig_HalfCircle_solid.ubulk" 678
"../../../Engine/Plugins/Animation/ControlRig/Content/Controls/ControlRig_HalfCircle_solid.uasset" 679
"../../../Engine/Plugins/Animation/ControlRig/Content/Controls/ControlRig_HalfCircle_solid.uexp" 680
"../../../Engine/Plugins/Animation/ControlRig/Content/Controls/ControlRig_HalfCircle_3mm.ubulk" 681
"../../../Engine/Plugins/Animation/ControlRig/Content/Controls/ControlRig_HalfCircle_3mm.uasset" 682
"../../../Engine/Plugins/Animation/ControlRig/Content/Controls/ControlRig_HalfCircle_3mm.uexp" 683
"../../../Engine/Plugins/Animation/ControlRig/Content/Controls/ControlRig_HalfCircle_1mm.ubulk" 684
"../../../Engine/Plugins/Animation/ControlRig/Content/Controls/ControlRig_HalfCircle_1mm.uasset" 685
"../../../Engine/Plugins/Animation/ControlRig/Content/Controls/ControlRig_HalfCircle_1mm.uexp" 686
"../../../Engine/Plugins/Animation/ControlRig/Content/Controls/ControlRig_Diamond_solid.ubulk" 687
"../../../Engine/Plugins/Animation/ControlRig/Content/Controls/ControlRig_Diamond_solid.uasset" 688
"../../../Engine/Plugins/Animation/ControlRig/Content/Controls/ControlRig_Diamond_solid.uexp" 689
"../../../Engine/Plugins/Animation/ControlRig/Content/Controls/ControlRig_Diamond_3mm.ubulk" 690
"../../../Engine/Plugins/Animation/ControlRig/Content/Controls/ControlRig_Diamond_3mm.uasset" 691
"../../../Engine/Plugins/Animation/ControlRig/Content/Controls/ControlRig_Diamond_3mm.uexp" 692
"../../../Engine/Plugins/Animation/ControlRig/Content/Controls/ControlRig_Diamond_1mm.ubulk" 693
"../../../Engine/Plugins/Animation/ControlRig/Content/Controls/ControlRig_Diamond_1mm.uasset" 694
"../../../Engine/Plugins/Animation/ControlRig/Content/Controls/ControlRig_Diamond_1mm.uexp" 695
"../../../Engine/Plugins/Animation/ControlRig/Content/Controls/ControlRig_Circle_solid.ubulk" 696
"../../../Engine/Plugins/Animation/ControlRig/Content/Controls/ControlRig_Circle_solid.uasset" 697
"../../../Engine/Plugins/Animation/ControlRig/Content/Controls/ControlRig_Circle_solid.uexp" 698
"../../../Engine/Plugins/Animation/ControlRig/Content/Controls/ControlRig_Circle_3mm.ubulk" 699
"../../../Engine/Plugins/Animation/ControlRig/Content/Controls/ControlRig_Circle_3mm.uasset" 700
"../../../Engine/Plugins/Animation/ControlRig/Content/Controls/ControlRig_Circle_3mm.uexp" 701
"../../../Engine/Plugins/Animation/ControlRig/Content/Controls/ControlRig_Circle_1mm.ubulk" 702
"../../../Engine/Plugins/Animation/ControlRig/Content/Controls/ControlRig_Circle_1mm.uasset" 703
"../../../Engine/Plugins/Animation/ControlRig/Content/Controls/ControlRig_Circle_1mm.uexp" 704
"../../../Engine/Plugins/Animation/ControlRig/Content/Controls/ControlRig_Box_solid.ubulk" 705
"../../../Engine/Plugins/Animation/ControlRig/Content/Controls/ControlRig_Box_solid.uasset" 706
"../../../Engine/Plugins/Animation/ControlRig/Content/Controls/ControlRig_Box_solid.uexp" 707
"../../../Engine/Plugins/Animation/ControlRig/Content/Controls/ControlRig_Box_3mm.ubulk" 708
"../../../Engine/Plugins/Animation/ControlRig/Content/Controls/ControlRig_Box_3mm.uasset" 709
"../../../Engine/Plugins/Animation/ControlRig/Content/Controls/ControlRig_Box_3mm.uexp" 710
"../../../Engine/Plugins/Animation/ControlRig/Content/Controls/ControlRig_Box_1mm.ubulk" 711
"../../../Engine/Plugins/Animation/ControlRig/Content/Controls/ControlRig_Box_1mm.uasset" 712
"../../../Engine/Plugins/Animation/ControlRig/Content/Controls/ControlRig_Box_1mm.uexp" 713
"../../../Engine/Plugins/Animation/ControlRig/Content/Controls/ControlRig_Arrow_solid.ubulk" 714
"../../../Engine/Plugins/Animation/ControlRig/Content/Controls/ControlRig_Arrow_solid.uasset" 715
"../../../Engine/Plugins/Animation/ControlRig/Content/Controls/ControlRig_Arrow_solid.uexp" 716
"../../../Engine/Plugins/Animation/ControlRig/Content/Controls/ControlRig_Arrow_3mm.ubulk" 717
"../../../Engine/Plugins/Animation/ControlRig/Content/Controls/ControlRig_Arrow_3mm.uasset" 718
"../../../Engine/Plugins/Animation/ControlRig/Content/Controls/ControlRig_Arrow_3mm.uexp" 719
"../../../Engine/Plugins/Animation/ControlRig/Content/Controls/ControlRig_Arrow_1mm.ubulk" 720
"../../../Engine/Plugins/Animation/ControlRig/Content/Controls/ControlRig_Arrow_1mm.uasset" 721
"../../../Engine/Plugins/Animation/ControlRig/Content/Controls/ControlRig_Arrow_1mm.uexp" 722
"../../../Engine/Plugins/Animation/ControlRig/Content/Controls/ControlRig_Arrow4_solid.ubulk" 723
"../../../Engine/Plugins/Animation/ControlRig/Content/Controls/ControlRig_Arrow4_solid.uasset" 724
"../../../Engine/Plugins/Animation/ControlRig/Content/Controls/ControlRig_Arrow4_solid.uexp" 725
"../../../Engine/Plugins/Animation/ControlRig/Content/Controls/ControlRig_Arrow4_3mm.ubulk" 726
"../../../Engine/Plugins/Animation/ControlRig/Content/Controls/ControlRig_Arrow4_3mm.uasset" 727
"../../../Engine/Plugins/Animation/ControlRig/Content/Controls/ControlRig_Arrow4_3mm.uexp" 728
"../../../Engine/Plugins/Animation/ControlRig/Content/Controls/ControlRig_Arrow4_1mm.ubulk" 729
"../../../Engine/Plugins/Animation/ControlRig/Content/Controls/ControlRig_Arrow4_1mm.uasset" 730
"../../../Engine/Plugins/Animation/ControlRig/Content/Controls/ControlRig_Arrow4_1mm.uexp" 731
"../../../Engine/Plugins/Animation/ControlRig/Content/Controls/ControlRig_Arrow2_solid.ubulk" 732
"../../../Engine/Plugins/Animation/ControlRig/Content/Controls/ControlRig_Arrow2_solid.uasset" 733
"../../../Engine/Plugins/Animation/ControlRig/Content/Controls/ControlRig_Arrow2_solid.uexp" 734
"../../../Engine/Plugins/Animation/ControlRig/Content/Controls/ControlRig_Arrow2_3mm.ubulk" 735
"../../../Engine/Plugins/Animation/ControlRig/Content/Controls/ControlRig_Arrow2_3mm.uasset" 736
"../../../Engine/Plugins/Animation/ControlRig/Content/Controls/ControlRig_Arrow2_3mm.uexp" 737
"../../../Engine/Plugins/Animation/ControlRig/Content/Controls/ControlRig_Arrow2_1mm.ubulk" 738
"../../../Engine/Plugins/Animation/ControlRig/Content/Controls/ControlRig_Arrow2_1mm.uasset" 739
"../../../Engine/Plugins/Animation/ControlRig/Content/Controls/ControlRig_Arrow2_1mm.uexp" 740
"../../../Engine/Plugins/Animation/ControlRig/Content/Controls/ControlRigXRayMaterial.uasset" 741
"../../../Engine/Plugins/Animation/ControlRig/Content/Controls/ControlRigXRayMaterial.uexp" 742
"../../../Engine/Plugins/Animation/ControlRig/Content/Controls/ControlRigGizmoMaterial.uasset" 743
"../../../Engine/Plugins/Animation/ControlRig/Content/Controls/ControlRigGizmoMaterial.uexp" 744
"../../../Engine/Plugins/Editor/SpeedTreeImporter/Content/SpeedTree9/game_wind_noise.ubulk" 745
"../../../Engine/Plugins/Editor/SpeedTreeImporter/Content/SpeedTree9/game_wind_noise.uasset" 746
"../../../Engine/Plugins/Editor/SpeedTreeImporter/Content/SpeedTree9/game_wind_noise.uexp" 747
"../../../Engine/Plugins/Editor/SpeedTreeImporter/Content/SpeedTree9/UnpackDirection.uasset" 748
"../../../Engine/Plugins/Editor/SpeedTreeImporter/Content/SpeedTree9/UnpackDirection.uexp" 749
"../../../Engine/Content/Functions/Engine_MaterialFunctions02/ObjectLocalBounds.uasset" 750
"../../../Engine/Content/Functions/Engine_MaterialFunctions02/ObjectLocalBounds.uexp" 751
"../../../Engine/Content/Functions/Engine_MaterialFunctions02/UVs/BoundingBoxBased_0-1_UVW.uasset" 752
"../../../Engine/Content/Functions/Engine_MaterialFunctions02/UVs/BoundingBoxBased_0-1_UVW.uexp" 753
"../../../Engine/Content/Functions/Engine_MaterialFunctions02/Utility/VectorLength.uasset" 754
"../../../Engine/Content/Functions/Engine_MaterialFunctions02/Utility/VectorLength.uexp" 755
"../../../Engine/Plugins/Editor/SpeedTreeImporter/Content/SpeedTree9/UnpackInteger3.uasset" 756
"../../../Engine/Plugins/Editor/SpeedTreeImporter/Content/SpeedTree9/UnpackInteger3.uexp" 757
"../../../Engine/Plugins/Editor/SpeedTreeImporter/Content/SpeedTree9/SpeedTreeCameraFacing.uasset" 758
"../../../Engine/Plugins/Editor/SpeedTreeImporter/Content/SpeedTree9/SpeedTreeCameraFacing.uexp" 759
"../../../Engine/Content/Functions/Engine_MaterialFunctions02/WorldPositionOffset/ObjectScale.uasset" 760
"../../../Engine/Content/Functions/Engine_MaterialFunctions02/WorldPositionOffset/ObjectScale.uexp" 761
"../../../Engine/Content/Functions/Engine_MaterialFunctions02/SafeNormalize.uasset" 762
"../../../Engine/Content/Functions/Engine_MaterialFunctions02/SafeNormalize.uexp" 763
"../../../Engine/Plugins/Editor/SpeedTreeImporter/Content/SpeedTree9/SpeedTreeWindMotion.uasset" 764
"../../../Engine/Plugins/Editor/SpeedTreeImporter/Content/SpeedTree9/SpeedTreeWindMotion.uexp" 765
"../../../Engine/Plugins/Editor/SpeedTreeImporter/Content/SpeedTree9/SpeedTreeBranchMotion.uasset" 766
"../../../Engine/Plugins/Editor/SpeedTreeImporter/Content/SpeedTree9/SpeedTreeBranchMotion.uexp" 767
"../../../Engine/Plugins/Editor/SpeedTreeImporter/Content/SpeedTree9/SpeedTreeWind.uasset" 768
"../../../Engine/Plugins/Editor/SpeedTreeImporter/Content/SpeedTree9/SpeedTreeWind.uexp" 769
"../../../Engine/Plugins/Editor/SpeedTreeImporter/Content/SpeedTree9/EmptyNormal.uasset" 770
"../../../Engine/Plugins/Editor/SpeedTreeImporter/Content/SpeedTree9/EmptyNormal.uexp" 771
"../../../Engine/Plugins/Editor/SpeedTreeImporter/Content/SpeedTree9/Empty.uasset" 772
"../../../Engine/Plugins/Editor/SpeedTreeImporter/Content/SpeedTree9/Empty.uexp" 773
"../../../Engine/Plugins/Editor/SpeedTreeImporter/Content/SpeedTree9/SpeedTreeMaster.uasset" 774
"../../../Engine/Plugins/Editor/SpeedTreeImporter/Content/SpeedTree9/SpeedTreeMaster.uexp" 775
"../../../Engine/Plugins/Editor/SpeedTreeImporter/Content/SpeedTree9/SpeedTreeBillboard.uasset" 776
"../../../Engine/Plugins/Editor/SpeedTreeImporter/Content/SpeedTree9/SpeedTreeBillboard.uexp" 777
"../../../Engine/Plugins/Editor/SpeedTreeImporter/Content/SpeedTree9/SpeedTreeBillboardMaster.uasset" 778
"../../../Engine/Plugins/Editor/SpeedTreeImporter/Content/SpeedTree9/SpeedTreeBillboardMaster.uexp" 779
"../../../Engine/Content/EngineMaterials/FlatNormal.uasset" 780
"../../../Engine/Content/EngineMaterials/FlatNormal.uexp" 781
"../../../Engine/Plugins/Interchange/Runtime/Content/Functions/MF_OrenNayerView.uasset" 782
"../../../Engine/Plugins/Interchange/Runtime/Content/Functions/MF_OrenNayerView.uexp" 783
"../../../Engine/Content/EditorLandscapeResources/WhiteSquareTexture.uasset" 784
"../../../Engine/Content/EditorLandscapeResources/WhiteSquareTexture.uexp" 785
"../../../Engine/Plugins/Interchange/Runtime/Content/Functions/MF_SchlickApprox.uasset" 786
"../../../Engine/Plugins/Interchange/Runtime/Content/Functions/MF_SchlickApprox.uexp" 787
"../../../Engine/Plugins/Interchange/Runtime/Content/Utilities/New_LUT.uasset" 788
"../../../Engine/Plugins/Interchange/Runtime/Content/Utilities/New_LUT.uexp" 789
"../../../Engine/Content/Functions/Engine_MaterialFunctions03/Math/RemapValueRange.uasset" 790
"../../../Engine/Content/Functions/Engine_MaterialFunctions03/Math/RemapValueRange.uexp" 791
"../../../Engine/Plugins/Interchange/Runtime/Content/Functions/MF_Iridescence.uasset" 792
"../../../Engine/Plugins/Interchange/Runtime/Content/Functions/MF_Iridescence.uexp" 793
"../../../Engine/Plugins/Interchange/Runtime/Content/Materials/OrenNayerMaterial.uasset" 794
"../../../Engine/Plugins/Interchange/Runtime/Content/Materials/OrenNayerMaterial.uexp" 795
"../../../Engine/Content/Functions/Engine_MaterialFunctions02/Texturing/CustomRotator.uasset" 796
"../../../Engine/Content/Functions/Engine_MaterialFunctions02/Texturing/CustomRotator.uexp" 797
"../../../Engine/Content/Functions/Engine_MaterialFunctions02/Texturing/ScreenAlignedPixelToPixelUVs.uasset" 798
"../../../Engine/Content/Functions/Engine_MaterialFunctions02/Texturing/ScreenAlignedPixelToPixelUVs.uexp" 799
"../../../Engine/Plugins/Interchange/Runtime/Content/Utilities/T_Bayer64_Grayscale_64px.uasset" 800
"../../../Engine/Plugins/Interchange/Runtime/Content/Utilities/T_Bayer64_Grayscale_64px.uexp" 801
"../../../Engine/Plugins/Interchange/Runtime/Content/gltf/MaterialFunctions/MF_Temporal_Blur.uasset" 802
"../../../Engine/Plugins/Interchange/Runtime/Content/gltf/MaterialFunctions/MF_Temporal_Blur.uexp" 803
"../../../Engine/Plugins/Interchange/Runtime/Content/gltf/MaterialFunctions/MF_Fresnel_DS.uasset" 804
"../../../Engine/Plugins/Interchange/Runtime/Content/gltf/MaterialFunctions/MF_Fresnel_DS.uexp" 805
"../../../Engine/Plugins/Interchange/Runtime/Content/Functions/MX_Transmission.uasset" 806
"../../../Engine/Plugins/Interchange/Runtime/Content/Functions/MX_Transmission.uexp" 807
"../../../Engine/Plugins/Interchange/Runtime/Content/Functions/MX_StandardSurface.uasset" 808
"../../../Engine/Plugins/Interchange/Runtime/Content/Functions/MX_StandardSurface.uexp" 809
"../../../Engine/Plugins/Interchange/Runtime/Content/Functions/MX_TransmissionSurface.uasset" 810
"../../../Engine/Plugins/Interchange/Runtime/Content/Functions/MX_TransmissionSurface.uexp" 811
"../../../Engine/Content/Functions/Engine_MaterialFunctions02/WorldPositionOffset/V2/ObjectScale.uasset" 812
"../../../Engine/Content/Functions/Engine_MaterialFunctions02/WorldPositionOffset/V2/ObjectScale.uexp" 813
"../../../Engine/Plugins/Interchange/Runtime/Content/gltf/MaterialFunctions/MF_TransmissionOpacity.uasset" 814
"../../../Engine/Plugins/Interchange/Runtime/Content/gltf/MaterialFunctions/MF_TransmissionOpacity.uexp" 815
"../../../Engine/Plugins/Interchange/Runtime/Content/gltf/MaterialFunctions/MF_Transmission.uasset" 816
"../../../Engine/Plugins/Interchange/Runtime/Content/gltf/MaterialFunctions/MF_Transmission.uexp" 817
"../../../Engine/Plugins/Interchange/Runtime/Content/gltf/M_Transmission.uasset" 818
"../../../Engine/Plugins/Interchange/Runtime/Content/gltf/M_Transmission.uexp" 819
"../../../Engine/Plugins/Interchange/Runtime/Content/gltf/MaterialInstances_MR/MI_Transmission_TS.uasset" 820
"../../../Engine/Plugins/Interchange/Runtime/Content/gltf/MaterialInstances_MR/MI_Transmission_TS.uexp" 821
"../../../Engine/Plugins/Interchange/Runtime/Content/gltf/MaterialInstances_MR/MI_Transmission.uasset" 822
"../../../Engine/Plugins/Interchange/Runtime/Content/gltf/MaterialInstances_MR/MI_Transmission.uexp" 823
"../../../Engine/Plugins/Interchange/Runtime/Content/gltf/MaterialInstances_MR/MI_Translucent_TS.uasset" 824
"../../../Engine/Plugins/Interchange/Runtime/Content/gltf/MaterialInstances_MR/MI_Translucent_TS.uexp" 825
"../../../Engine/Plugins/Interchange/Runtime/Content/gltf/MaterialInstances_MR/MI_Translucent_ClearCoat_TS.uasset" 826
"../../../Engine/Plugins/Interchange/Runtime/Content/gltf/MaterialInstances_MR/MI_Translucent_ClearCoat_TS.uexp" 827
"../../../Engine/Plugins/Interchange/Runtime/Content/gltf/MaterialInstances_MR/MI_Translucent_ClearCoat.uasset" 828
"../../../Engine/Plugins/Interchange/Runtime/Content/gltf/MaterialInstances_MR/MI_Translucent_ClearCoat.uexp" 829
"../../../Engine/Plugins/Interchange/Runtime/Content/gltf/MaterialInstances_MR/MI_Translucent.uasset" 830
"../../../Engine/Plugins/Interchange/Runtime/Content/gltf/MaterialInstances_MR/MI_Translucent.uexp" 831
"../../../Engine/Plugins/Interchange/Runtime/Content/gltf/M_Unlit.uasset" 832
"../../../Engine/Plugins/Interchange/Runtime/Content/gltf/M_Unlit.uexp" 833
"../../../Engine/Plugins/Interchange/Runtime/Content/gltf/MaterialInstances_MR/MI_Opaque_Unlit_TS.uasset" 834
"../../../Engine/Plugins/Interchange/Runtime/Content/gltf/MaterialInstances_MR/MI_Opaque_Unlit_TS.uexp" 835
"../../../Engine/Plugins/Interchange/Runtime/Content/gltf/MaterialInstances_MR/MI_Opaque_Unlit.uasset" 836
"../../../Engine/Plugins/Interchange/Runtime/Content/gltf/MaterialInstances_MR/MI_Opaque_Unlit.uexp" 837
"../../../Engine/Plugins/Interchange/Runtime/Content/gltf/MaterialInstances_MR/MI_Opaque_TS.uasset" 838
"../../../Engine/Plugins/Interchange/Runtime/Content/gltf/MaterialInstances_MR/MI_Opaque_TS.uexp" 839
"../../../Engine/Plugins/Interchange/Runtime/Content/gltf/MaterialInstances_MR/MI_Opaque_Sheen_TS.uasset" 840
"../../../Engine/Plugins/Interchange/Runtime/Content/gltf/MaterialInstances_MR/MI_Opaque_Sheen_TS.uexp" 841
"../../../Engine/Plugins/Interchange/Runtime/Content/gltf/MaterialInstances_MR/MI_Opaque_Sheen.uasset" 842
"../../../Engine/Plugins/Interchange/Runtime/Content/gltf/MaterialInstances_MR/MI_Opaque_Sheen.uexp" 843
"../../../Engine/Plugins/Interchange/Runtime/Content/gltf/MaterialInstances_MR/MI_Opaque_ClearCoat_TS.uasset" 844
"../../../Engine/Plugins/Interchange/Runtime/Content/gltf/MaterialInstances_MR/MI_Opaque_ClearCoat_TS.uexp" 845
"../../../Engine/Plugins/Interchange/Runtime/Content/gltf/MaterialInstances_MR/MI_Opaque_ClearCoat.uasset" 846
"../../../Engine/Plugins/Interchange/Runtime/Content/gltf/MaterialInstances_MR/MI_Opaque_ClearCoat.uexp" 847
"../../../Engine/Plugins/Interchange/Runtime/Content/gltf/MaterialInstances_MR/MI_Opaque.uasset" 848
"../../../Engine/Plugins/Interchange/Runtime/Content/gltf/MaterialInstances_MR/MI_Opaque.uexp" 849
"../../../Engine/Plugins/Interchange/Runtime/Content/gltf/MaterialInstances_SG/MI_Transmission_TS.uasset" 850
"../../../Engine/Plugins/Interchange/Runtime/Content/gltf/MaterialInstances_SG/MI_Transmission_TS.uexp" 851
"../../../Engine/Plugins/Interchange/Runtime/Content/gltf/MaterialInstances_SG/MI_Transmission.uasset" 852
"../../../Engine/Plugins/Interchange/Runtime/Content/gltf/MaterialInstances_SG/MI_Transmission.uexp" 853
"../../../Engine/Plugins/Interchange/Runtime/Content/gltf/MaterialInstances_SG/MI_Translucent_TS.uasset" 854
"../../../Engine/Plugins/Interchange/Runtime/Content/gltf/MaterialInstances_SG/MI_Translucent_TS.uexp" 855
"../../../Engine/Plugins/Interchange/Runtime/Content/gltf/MaterialInstances_SG/MI_Translucent_ClearCoat_TS.uasset" 856
"../../../Engine/Plugins/Interchange/Runtime/Content/gltf/MaterialInstances_SG/MI_Translucent_ClearCoat_TS.uexp" 857
"../../../Engine/Content/Maps/Templates/HLODs/HLODLayer_Instanced.uasset" 858
"../../../Engine/Content/Maps/Templates/HLODs/HLODLayer_Instanced.uexp" 859
"D:/Arena Shooter/MultParkourFPS/Content/FirstPerson/Maps/FirstPersonMap.uexp" 860
"D:/Arena Shooter/MultParkourFPS/Content/FirstPerson/Maps/FirstPersonMap.umap" 861
"../../../Engine/Content/Maps/Entry_BuiltData.uasset" 862
"../../../Engine/Content/Maps/Entry_BuiltData.uexp" 863
"../../../Engine/Content/Maps/Entry.uexp" 864
"../../../Engine/Content/Maps/Entry.umap" 865
